<?xml version="1.0" encoding="UTF-8"?>
<!-- Generated by org.testng.reporters.JUnitXMLReporter -->
<testsuite ignored="0" hostname="Avinex59" failures="1" tests="1" name="CompaireTitle" time="0.014" errors="0" timestamp="17 Jun 2025 12:43:36 GMT">
  <testcase classname="Test1.TestNG_Testcase2" name="Compaire" time="0.011">
    <failure type="java.lang.AssertionError" message="The following asserts failed:
	expected [Google.com] but found [gmail.com],
	test case failed that button was missing expected [true] but found [false],
	failing the test as the condition was not met">
      <![CDATA[java.lang.AssertionError: The following asserts failed:
expected [Google.com] but found [gmail.com],
test case failed that button was missing expected [true] but found [false],
failing the test as the condition was not met
at Test1.TestNG_Testcase2.Compaire(TestNG_Testcase2.java:30)
... Removed 26 stack frames]]>
    </failure>
  </testcase> <!-- Compaire -->
</testsuite> <!-- CompaireTitle -->
