<?xml version="1.0" encoding="UTF-8"?>
<!-- Generated by org.testng.reporters.JUnitXMLReporter -->
<testsuite ignored="0" hostname="Avinex59" failures="1" tests="2" name="DependencyTest" time="0.003" errors="0" timestamp="17 Jun 2025 12:43:36 GMT">
  <testcase classname="Test1.TestNG_Testcase3" name="user_registration" time="0.0">
    <failure type="java.lang.AssertionError" message="user registration failed, bcoz button is missing">
      <![CDATA[java.lang.AssertionError: user registration failed, bcoz button is missing
at Test1.TestNG_Testcase3.user_registration(TestNG_Testcase3.java:19)
... Removed 26 stack frames]]>
    </failure>
  </testcase> <!-- user_registration -->
  <testcase classname="Test1.TestNG_Testcase3" name="dologin" time="0.0">
    <skipped/>
  </testcase> <!-- dologin -->
</testsuite> <!-- DependencyTest -->
