<?xml version="1.0" encoding="UTF-8"?>
<testng-results ignored="0" total="3" passed="1" failed="1" skipped="1">
  <reporter-output>
  </reporter-output>
  <suite started-at="2025-07-11T05:26:55Z" name="Default suite" finished-at="2025-07-11T05:26:55Z" duration-ms="434">
    <groups>
    </groups>
    <test started-at="2025-07-11T05:26:55Z" name="Default test" finished-at="2025-07-11T05:26:55Z" duration-ms="434">
      <class name="Lecture8.TestExtentReports">
        <test-method is-config="true" signature="SetUpReport()[pri:0, instance:Lecture8.TestExtentReports@fa36558]" started-at="2025-07-11T05:26:55Z" name="SetUpReport" finished-at="2025-07-11T05:26:55Z" duration-ms="185" status="PASS">
          <reporter-output>
          </reporter-output>
        </test-method> <!-- SetUpReport -->
        <test-method is-config="true" signature="beforeTest(org.testng.ITestResult)[pri:0, instance:Lecture8.TestExtentReports@fa36558]" started-at="2025-07-11T05:26:55Z" name="beforeTest" finished-at="2025-07-11T05:26:55Z" duration-ms="2" status="PASS">
          <params>
            <param index="0">
              <value>
                <![CDATA[[TestResult name=DoLogin status=FAILURE method=TestExtentReports.DoLogin()[pri:0, instance:Lecture8.TestExtentReports@fa36558] output={null}]]]>
              </value>
            </param>
          </params>
          <reporter-output>
          </reporter-output>
        </test-method> <!-- beforeTest -->
        <test-method signature="DoLogin()[pri:0, instance:Lecture8.TestExtentReports@fa36558]" started-at="2025-07-11T05:26:55Z" name="DoLogin" finished-at="2025-07-11T05:26:55Z" duration-ms="8" status="FAIL">
          <exception class="java.lang.AssertionError">
            <message>
              <![CDATA[null]]>
            </message>
            <full-stacktrace>
              <![CDATA[java.lang.AssertionError: null
at org.testng.Assert.fail(Assert.java:96)
at org.testng.Assert.fail(Assert.java:103)
at Lecture8.TestExtentReports.DoLogin(TestExtentReports.java:63)
at java.base/jdk.internal.reflect.NativeMethodAccessorImpl.invoke0(Native Method)
at java.base/jdk.internal.reflect.NativeMethodAccessorImpl.invoke(NativeMethodAccessorImpl.java:78)
at java.base/jdk.internal.reflect.DelegatingMethodAccessorImpl.invoke(DelegatingMethodAccessorImpl.java:43)
at java.base/java.lang.reflect.Method.invoke(Method.java:567)
at org.testng.internal.MethodInvocationHelper.invokeMethod(MethodInvocationHelper.java:124)
at org.testng.internal.Invoker.invokeMethod(Invoker.java:583)
at org.testng.internal.Invoker.invokeTestMethod(Invoker.java:719)
at org.testng.internal.Invoker.invokeTestMethods(Invoker.java:989)
at org.testng.internal.TestMethodWorker.invokeTestMethods(TestMethodWorker.java:125)
at org.testng.internal.TestMethodWorker.run(TestMethodWorker.java:109)
at org.testng.TestRunner.privateRun(TestRunner.java:648)
at org.testng.TestRunner.run(TestRunner.java:505)
at org.testng.SuiteRunner.runTest(SuiteRunner.java:455)
at org.testng.SuiteRunner.runSequentially(SuiteRunner.java:450)
at org.testng.SuiteRunner.privateRun(SuiteRunner.java:415)
at org.testng.SuiteRunner.run(SuiteRunner.java:364)
at org.testng.SuiteRunnerWorker.runSuite(SuiteRunnerWorker.java:52)
at org.testng.SuiteRunnerWorker.run(SuiteRunnerWorker.java:84)
at org.testng.TestNG.runSuitesSequentially(TestNG.java:1208)
at org.testng.TestNG.runSuitesLocally(TestNG.java:1137)
at org.testng.TestNG.runSuites(TestNG.java:1049)
at org.testng.TestNG.run(TestNG.java:1017)
at org.testng.remote.AbstractRemoteTestNG.run(AbstractRemoteTestNG.java:115)
at org.testng.remote.RemoteTestNG.initAndRun(RemoteTestNG.java:251)
at org.testng.remote.RemoteTestNG.main(RemoteTestNG.java:77)
]]>
            </full-stacktrace>
          </exception> <!-- java.lang.AssertionError -->
          <reporter-output>
          </reporter-output>
        </test-method> <!-- DoLogin -->
        <test-method is-config="true" signature="UpdateResult(org.testng.ITestResult)[pri:0, instance:Lecture8.TestExtentReports@fa36558]" started-at="2025-07-11T05:26:55Z" name="UpdateResult" finished-at="2025-07-11T05:26:55Z" duration-ms="6" status="PASS">
          <params>
            <param index="0">
              <value>
                <![CDATA[[TestResult name=DoLogin status=FAILURE method=TestExtentReports.DoLogin()[pri:0, instance:Lecture8.TestExtentReports@fa36558] output={null}]]]>
              </value>
            </param>
          </params>
          <reporter-output>
          </reporter-output>
        </test-method> <!-- UpdateResult -->
        <test-method is-config="true" signature="beforeTest(org.testng.ITestResult)[pri:0, instance:Lecture8.TestExtentReports@fa36558]" started-at="2025-07-11T05:26:55Z" name="beforeTest" finished-at="2025-07-11T05:26:55Z" duration-ms="0" status="PASS">
          <params>
            <param index="0">
              <value>
                <![CDATA[[TestResult name=UserRegistration status=SUCCESS method=TestExtentReports.UserRegistration()[pri:0, instance:Lecture8.TestExtentReports@fa36558] output={null}]]]>
              </value>
            </param>
          </params>
          <reporter-output>
          </reporter-output>
        </test-method> <!-- beforeTest -->
        <test-method signature="UserRegistration()[pri:0, instance:Lecture8.TestExtentReports@fa36558]" started-at="2025-07-11T05:26:55Z" name="UserRegistration" finished-at="2025-07-11T05:26:55Z" duration-ms="1" status="PASS">
          <reporter-output>
          </reporter-output>
        </test-method> <!-- UserRegistration -->
        <test-method signature="ValidateTitle()[pri:0, instance:Lecture8.TestExtentReports@fa36558]" started-at="2025-07-11T05:26:55Z" name="ValidateTitle" finished-at="2025-07-11T05:26:55Z" duration-ms="1" status="SKIP">
          <exception class="org.testng.SkipException">
            <message>
              <![CDATA[skipting the test]]>
            </message>
            <full-stacktrace>
              <![CDATA[org.testng.SkipException: skipting the test
at Lecture8.TestExtentReports.ValidateTitle(TestExtentReports.java:82)
at java.base/jdk.internal.reflect.NativeMethodAccessorImpl.invoke0(Native Method)
at java.base/jdk.internal.reflect.NativeMethodAccessorImpl.invoke(NativeMethodAccessorImpl.java:78)
at java.base/jdk.internal.reflect.DelegatingMethodAccessorImpl.invoke(DelegatingMethodAccessorImpl.java:43)
at java.base/java.lang.reflect.Method.invoke(Method.java:567)
at org.testng.internal.MethodInvocationHelper.invokeMethod(MethodInvocationHelper.java:124)
at org.testng.internal.Invoker.invokeMethod(Invoker.java:583)
at org.testng.internal.Invoker.invokeTestMethod(Invoker.java:719)
at org.testng.internal.Invoker.invokeTestMethods(Invoker.java:989)
at org.testng.internal.TestMethodWorker.invokeTestMethods(TestMethodWorker.java:125)
at org.testng.internal.TestMethodWorker.run(TestMethodWorker.java:109)
at org.testng.TestRunner.privateRun(TestRunner.java:648)
at org.testng.TestRunner.run(TestRunner.java:505)
at org.testng.SuiteRunner.runTest(SuiteRunner.java:455)
at org.testng.SuiteRunner.runSequentially(SuiteRunner.java:450)
at org.testng.SuiteRunner.privateRun(SuiteRunner.java:415)
at org.testng.SuiteRunner.run(SuiteRunner.java:364)
at org.testng.SuiteRunnerWorker.runSuite(SuiteRunnerWorker.java:52)
at org.testng.SuiteRunnerWorker.run(SuiteRunnerWorker.java:84)
at org.testng.TestNG.runSuitesSequentially(TestNG.java:1208)
at org.testng.TestNG.runSuitesLocally(TestNG.java:1137)
at org.testng.TestNG.runSuites(TestNG.java:1049)
at org.testng.TestNG.run(TestNG.java:1017)
at org.testng.remote.AbstractRemoteTestNG.run(AbstractRemoteTestNG.java:115)
at org.testng.remote.RemoteTestNG.initAndRun(RemoteTestNG.java:251)
at org.testng.remote.RemoteTestNG.main(RemoteTestNG.java:77)
]]>
            </full-stacktrace>
          </exception> <!-- org.testng.SkipException -->
          <reporter-output>
          </reporter-output>
        </test-method> <!-- ValidateTitle -->
        <test-method is-config="true" signature="beforeTest(org.testng.ITestResult)[pri:0, instance:Lecture8.TestExtentReports@fa36558]" started-at="2025-07-11T05:26:55Z" name="beforeTest" finished-at="2025-07-11T05:26:55Z" duration-ms="0" status="PASS">
          <params>
            <param index="0">
              <value>
                <![CDATA[[TestResult name=ValidateTitle status=SKIP method=TestExtentReports.ValidateTitle()[pri:0, instance:Lecture8.TestExtentReports@fa36558] output={null}]]]>
              </value>
            </param>
          </params>
          <reporter-output>
          </reporter-output>
        </test-method> <!-- beforeTest -->
        <test-method is-config="true" signature="UpdateResult(org.testng.ITestResult)[pri:0, instance:Lecture8.TestExtentReports@fa36558]" started-at="2025-07-11T05:26:55Z" name="UpdateResult" finished-at="2025-07-11T05:26:55Z" duration-ms="0" status="PASS">
          <params>
            <param index="0">
              <value>
                <![CDATA[[TestResult name=UserRegistration status=SUCCESS method=TestExtentReports.UserRegistration()[pri:0, instance:Lecture8.TestExtentReports@fa36558] output={null}]]]>
              </value>
            </param>
          </params>
          <reporter-output>
          </reporter-output>
        </test-method> <!-- UpdateResult -->
        <test-method is-config="true" signature="UpdateResult(org.testng.ITestResult)[pri:0, instance:Lecture8.TestExtentReports@fa36558]" started-at="2025-07-11T05:26:55Z" name="UpdateResult" finished-at="2025-07-11T05:26:55Z" duration-ms="0" status="PASS">
          <params>
            <param index="0">
              <value>
                <![CDATA[[TestResult name=ValidateTitle status=SKIP method=TestExtentReports.ValidateTitle()[pri:0, instance:Lecture8.TestExtentReports@fa36558] output={null}]]]>
              </value>
            </param>
          </params>
          <reporter-output>
          </reporter-output>
        </test-method> <!-- UpdateResult -->
        <test-method is-config="true" signature="EndSetUp()[pri:0, instance:Lecture8.TestExtentReports@fa36558]" started-at="2025-07-11T05:26:55Z" name="EndSetUp" finished-at="2025-07-11T05:26:55Z" duration-ms="219" status="PASS">
          <reporter-output>
          </reporter-output>
        </test-method> <!-- EndSetUp -->
      </class> <!-- Lecture8.TestExtentReports -->
    </test> <!-- Default test -->
  </suite> <!-- Default suite -->
</testng-results>
