<?xml version="1.0" encoding="UTF-8"?>
<!-- Generated by org.testng.reporters.JUnitXMLReporter -->
<testsuite ignored="0" hostname="Avinex59" failures="1" tests="2" name="Dependency Test" time="0.004" errors="0" timestamp="08 Jul 2025 07:34:29 GMT">
  <testcase classname="Lecture8.TestNG_TestCase3" name="doRegistration" time="0.001">
    <failure type="java.lang.AssertionError" message="Test case failed as button was missing expected [true] but found [false]">
      <![CDATA[java.lang.AssertionError: Test case failed as button was missing expected [true] but found [false]
at Lecture8.TestNG_TestCase3.doRegistration(TestNG_TestCase3.java:22)
... Removed 28 stack frames]]>
    </failure>
  </testcase> <!-- doRegistration -->
  <testcase classname="Lecture8.TestNG_TestCase3" name="doLogin" time="0.0">
    <skipped/>
  </testcase> <!-- doLogin -->
</testsuite> <!-- Dependency Test -->
