<?xml version="1.0" encoding="UTF-8"?>
<!-- Generated by org.testng.reporters.JUnitXMLReporter -->
<testsuite ignored="0" hostname="Avinex59" failures="2" tests="5" name="Test" time="0.03" errors="0" timestamp="04 Jul 2025 12:46:42 GMT">
  <testcase classname="Lecture8.TestNG_TestCase2" name="validateTitle" time="0.006">
    <failure type="java.lang.AssertionError" message="The following asserts failed:
	expected [google.com] but found [gmail.com],
	 Test case failed as the button was missing expected [true] but found [false]">
      <![CDATA[java.lang.AssertionError: The following asserts failed:
expected [google.com] but found [gmail.com],
 Test case failed as the button was missing expected [true] but found [false]
at Lecture8.TestNG_TestCase2.validateTitle(TestNG_TestCase2.java:38)
... Removed 26 stack frames]]>
    </failure>
  </testcase> <!-- validateTitle -->
  <testcase classname="Lecture8.TestNG_TestCase3" name="doRegistration" time="0.001">
    <failure type="java.lang.AssertionError" message="Test case failed as button was missing expected [true] but found [false]">
      <![CDATA[java.lang.AssertionError: Test case failed as button was missing expected [true] but found [false]
at Lecture8.TestNG_TestCase3.doRegistration(TestNG_TestCase3.java:22)
... Removed 28 stack frames]]>
    </failure>
  </testcase> <!-- doRegistration -->
  <testcase classname="Lecture8.TestNG_TestCase1" name="UserRegistration" time="0.001"/>
  <testcase classname="Lecture8.TestNG_TestCase3" name="doLogin" time="0.0">
    <skipped/>
  </testcase> <!-- doLogin -->
  <testcase classname="Lecture8.TestNG_TestCase1" name="doLogin" time="0.0"/>
</testsuite> <!-- Test -->
