<?xml version="1.0" encoding="UTF-8"?>
<!-- Generated by org.testng.reporters.JUnitXMLReporter -->
<testsuite ignored="0" hostname="Avinex59" failures="1" tests="1" name="Validate Title" time="0.007" errors="0" timestamp="08 Jul 2025 07:34:29 GMT">
  <testcase classname="Lecture8.TestNG_TestCase2" name="validateTitle" time="0.003">
    <failure type="java.lang.AssertionError" message="The following asserts failed:
	expected [google.com] but found [gmail.com],
	 Test case failed as the button was missing expected [true] but found [false]">
      <![CDATA[java.lang.AssertionError: The following asserts failed:
expected [google.com] but found [gmail.com],
 Test case failed as the button was missing expected [true] but found [false]
at Lecture8.TestNG_TestCase2.validateTitle(TestNG_TestCase2.java:38)
... Removed 26 stack frames]]>
    </failure>
  </testcase> <!-- validateTitle -->
</testsuite> <!-- Validate Title -->
